The system is: Linux - 3.8.0-29-generic - x86_64
Compiling the C compiler identification source file "CMakeCCompilerId.c" succeeded.
Compiler: /usr/bin/cc 
Build flags: 
Id flags: 

The output was:
0


Compilation of the C compiler identification source "CMakeCCompilerId.c" produced "a.out"

The C compiler identification is GNU, found in "/home/myrlund/src/bilde/lab3/src/CMakeFiles/2.8.10.1/CompilerIdC/a.out"

Compiling the CXX compiler identification source file "CMakeCXXCompilerId.cpp" succeeded.
Compiler: /usr/bin/c++ 
Build flags: 
Id flags: 

The output was:
0


Compilation of the CXX compiler identification source "CMakeCXXCompilerId.cpp" produced "a.out"

The CXX compiler identification is GNU, found in "/home/myrlund/src/bilde/lab3/src/CMakeFiles/2.8.10.1/CompilerIdCXX/a.out"

Determining if the C compiler works passed with the following output:
Change Dir: /home/myrlund/src/bilde/lab3/src/CMakeFiles/CMakeTmp

Run Build Command:/usr/bin/make "cmTryCompileExec430543227/fast"
/usr/bin/make -f CMakeFiles/cmTryCompileExec430543227.dir/build.make CMakeFiles/cmTryCompileExec430543227.dir/build
make[1]: Entering directory `/home/myrlund/src/bilde/lab3/src/CMakeFiles/CMakeTmp'
/usr/bin/cmake -E cmake_progress_report /home/myrlund/src/bilde/lab3/src/CMakeFiles/CMakeTmp/CMakeFiles 1
Building C object CMakeFiles/cmTryCompileExec430543227.dir/testCCompiler.c.o
/usr/bin/cc    -o CMakeFiles/cmTryCompileExec430543227.dir/testCCompiler.c.o   -c /home/myrlund/src/bilde/lab3/src/CMakeFiles/CMakeTmp/testCCompiler.c
Linking C executable cmTryCompileExec430543227
/usr/bin/cmake -E cmake_link_script CMakeFiles/cmTryCompileExec430543227.dir/link.txt --verbose=1
/usr/bin/cc         CMakeFiles/cmTryCompileExec430543227.dir/testCCompiler.c.o  -o cmTryCompileExec430543227 -rdynamic 
make[1]: Leaving directory `/home/myrlund/src/bilde/lab3/src/CMakeFiles/CMakeTmp'


Detecting C compiler ABI info compiled with the following output:
Change Dir: /home/myrlund/src/bilde/lab3/src/CMakeFiles/CMakeTmp

Run Build Command:/usr/bin/make "cmTryCompileExec2522283407/fast"
/usr/bin/make -f CMakeFiles/cmTryCompileExec2522283407.dir/build.make CMakeFiles/cmTryCompileExec2522283407.dir/build
make[1]: Entering directory `/home/myrlund/src/bilde/lab3/src/CMakeFiles/CMakeTmp'
/usr/bin/cmake -E cmake_progress_report /home/myrlund/src/bilde/lab3/src/CMakeFiles/CMakeTmp/CMakeFiles 1
Building C object CMakeFiles/cmTryCompileExec2522283407.dir/CMakeCCompilerABI.c.o
/usr/bin/cc    -o CMakeFiles/cmTryCompileExec2522283407.dir/CMakeCCompilerABI.c.o   -c /usr/share/cmake-2.8/Modules/CMakeCCompilerABI.c
Linking C executable cmTryCompileExec2522283407
/usr/bin/cmake -E cmake_link_script CMakeFiles/cmTryCompileExec2522283407.dir/link.txt --verbose=1
/usr/bin/cc       -v CMakeFiles/cmTryCompileExec2522283407.dir/CMakeCCompilerABI.c.o  -o cmTryCompileExec2522283407 -rdynamic  
Using built-in specs.
COLLECT_GCC=/usr/bin/cc
COLLECT_LTO_WRAPPER=/usr/lib/gcc/x86_64-linux-gnu/4.7/lto-wrapper
Target: x86_64-linux-gnu
Configured with: ../src/configure -v --with-pkgversion='Ubuntu/Linaro 4.7.3-1ubuntu1' --with-bugurl=file:///usr/share/doc/gcc-4.7/README.Bugs --enable-languages=c,c++,go,fortran,objc,obj-c++ --prefix=/usr --program-suffix=-4.7 --enable-shared --enable-linker-build-id --libexecdir=/usr/lib --without-included-gettext --enable-threads=posix --with-gxx-include-dir=/usr/include/c++/4.7 --libdir=/usr/lib --enable-nls --with-sysroot=/ --enable-clocale=gnu --enable-libstdcxx-debug --enable-libstdcxx-time=yes --enable-gnu-unique-object --enable-plugin --with-system-zlib --enable-objc-gc --with-cloog --enable-cloog-backend=ppl --disable-cloog-version-check --disable-ppl-version-check --enable-multiarch --disable-werror --with-arch-32=i686 --with-abi=m64 --with-multilib-list=m32,m64,mx32 --with-tune=generic --enable-checking=release --build=x86_64-linux-gnu --host=x86_64-linux-gnu --target=x86_64-linux-gnu
Thread model: posix
gcc version 4.7.3 (Ubuntu/Linaro 4.7.3-1ubuntu1) 
COMPILER_PATH=/usr/lib/gcc/x86_64-linux-gnu/4.7/:/usr/lib/gcc/x86_64-linux-gnu/4.7/:/usr/lib/gcc/x86_64-linux-gnu/:/usr/lib/gcc/x86_64-linux-gnu/4.7/:/usr/lib/gcc/x86_64-linux-gnu/
LIBRARY_PATH=/usr/lib/gcc/x86_64-linux-gnu/4.7/:/usr/lib/gcc/x86_64-linux-gnu/4.7/../../../x86_64-linux-gnu/:/usr/lib/gcc/x86_64-linux-gnu/4.7/../../../../lib/:/lib/x86_64-linux-gnu/:/lib/../lib/:/usr/lib/x86_64-linux-gnu/:/usr/lib/../lib/:/usr/lib/gcc/x86_64-linux-gnu/4.7/../../../:/lib/:/usr/lib/
COLLECT_GCC_OPTIONS='-v' '-o' 'cmTryCompileExec2522283407' '-rdynamic' '-mtune=generic' '-march=x86-64'
 /usr/lib/gcc/x86_64-linux-gnu/4.7/collect2 --sysroot=/ --build-id --eh-frame-hdr -m elf_x86_64 --hash-style=gnu --as-needed -export-dynamic -dynamic-linker /lib64/ld-linux-x86-64.so.2 -z relro -o cmTryCompileExec2522283407 /usr/lib/gcc/x86_64-linux-gnu/4.7/../../../x86_64-linux-gnu/crt1.o /usr/lib/gcc/x86_64-linux-gnu/4.7/../../../x86_64-linux-gnu/crti.o /usr/lib/gcc/x86_64-linux-gnu/4.7/crtbegin.o -L/usr/lib/gcc/x86_64-linux-gnu/4.7 -L/usr/lib/gcc/x86_64-linux-gnu/4.7/../../../x86_64-linux-gnu -L/usr/lib/gcc/x86_64-linux-gnu/4.7/../../../../lib -L/lib/x86_64-linux-gnu -L/lib/../lib -L/usr/lib/x86_64-linux-gnu -L/usr/lib/../lib -L/usr/lib/gcc/x86_64-linux-gnu/4.7/../../.. CMakeFiles/cmTryCompileExec2522283407.dir/CMakeCCompilerABI.c.o -lgcc --as-needed -lgcc_s --no-as-needed -lc -lgcc --as-needed -lgcc_s --no-as-needed /usr/lib/gcc/x86_64-linux-gnu/4.7/crtend.o /usr/lib/gcc/x86_64-linux-gnu/4.7/../../../x86_64-linux-gnu/crtn.o
make[1]: Leaving directory `/home/myrlund/src/bilde/lab3/src/CMakeFiles/CMakeTmp'


Parsed C implicit link information from above output:
  link line regex: [^( *|.*[/\])(ld|ld|collect2)[^/\]*( |$)]
  ignore line: [Change Dir: /home/myrlund/src/bilde/lab3/src/CMakeFiles/CMakeTmp]
  ignore line: []
  ignore line: [Run Build Command:/usr/bin/make "cmTryCompileExec2522283407/fast"]
  ignore line: [/usr/bin/make -f CMakeFiles/cmTryCompileExec2522283407.dir/build.make CMakeFiles/cmTryCompileExec2522283407.dir/build]
  ignore line: [make[1]: Entering directory `/home/myrlund/src/bilde/lab3/src/CMakeFiles/CMakeTmp']
  ignore line: [/usr/bin/cmake -E cmake_progress_report /home/myrlund/src/bilde/lab3/src/CMakeFiles/CMakeTmp/CMakeFiles 1]
  ignore line: [Building C object CMakeFiles/cmTryCompileExec2522283407.dir/CMakeCCompilerABI.c.o]
  ignore line: [/usr/bin/cc    -o CMakeFiles/cmTryCompileExec2522283407.dir/CMakeCCompilerABI.c.o   -c /usr/share/cmake-2.8/Modules/CMakeCCompilerABI.c]
  ignore line: [Linking C executable cmTryCompileExec2522283407]
  ignore line: [/usr/bin/cmake -E cmake_link_script CMakeFiles/cmTryCompileExec2522283407.dir/link.txt --verbose=1]
  ignore line: [/usr/bin/cc       -v CMakeFiles/cmTryCompileExec2522283407.dir/CMakeCCompilerABI.c.o  -o cmTryCompileExec2522283407 -rdynamic  ]
  ignore line: [Using built-in specs.]
  ignore line: [COLLECT_GCC=/usr/bin/cc]
  ignore line: [COLLECT_LTO_WRAPPER=/usr/lib/gcc/x86_64-linux-gnu/4.7/lto-wrapper]
  ignore line: [Target: x86_64-linux-gnu]
  ignore line: [Configured with: ../src/configure -v --with-pkgversion='Ubuntu/Linaro 4.7.3-1ubuntu1' --with-bugurl=file:///usr/share/doc/gcc-4.7/README.Bugs --enable-languages=c,c++,go,fortran,objc,obj-c++ --prefix=/usr --program-suffix=-4.7 --enable-shared --enable-linker-build-id --libexecdir=/usr/lib --without-included-gettext --enable-threads=posix --with-gxx-include-dir=/usr/include/c++/4.7 --libdir=/usr/lib --enable-nls --with-sysroot=/ --enable-clocale=gnu --enable-libstdcxx-debug --enable-libstdcxx-time=yes --enable-gnu-unique-object --enable-plugin --with-system-zlib --enable-objc-gc --with-cloog --enable-cloog-backend=ppl --disable-cloog-version-check --disable-ppl-version-check --enable-multiarch --disable-werror --with-arch-32=i686 --with-abi=m64 --with-multilib-list=m32,m64,mx32 --with-tune=generic --enable-checking=release --build=x86_64-linux-gnu --host=x86_64-linux-gnu --target=x86_64-linux-gnu]
  ignore line: [Thread model: posix]
  ignore line: [gcc version 4.7.3 (Ubuntu/Linaro 4.7.3-1ubuntu1) ]
  ignore line: [COMPILER_PATH=/usr/lib/gcc/x86_64-linux-gnu/4.7/:/usr/lib/gcc/x86_64-linux-gnu/4.7/:/usr/lib/gcc/x86_64-linux-gnu/:/usr/lib/gcc/x86_64-linux-gnu/4.7/:/usr/lib/gcc/x86_64-linux-gnu/]
  ignore line: [LIBRARY_PATH=/usr/lib/gcc/x86_64-linux-gnu/4.7/:/usr/lib/gcc/x86_64-linux-gnu/4.7/../../../x86_64-linux-gnu/:/usr/lib/gcc/x86_64-linux-gnu/4.7/../../../../lib/:/lib/x86_64-linux-gnu/:/lib/../lib/:/usr/lib/x86_64-linux-gnu/:/usr/lib/../lib/:/usr/lib/gcc/x86_64-linux-gnu/4.7/../../../:/lib/:/usr/lib/]
  ignore line: [COLLECT_GCC_OPTIONS='-v' '-o' 'cmTryCompileExec2522283407' '-rdynamic' '-mtune=generic' '-march=x86-64']
  link line: [ /usr/lib/gcc/x86_64-linux-gnu/4.7/collect2 --sysroot=/ --build-id --eh-frame-hdr -m elf_x86_64 --hash-style=gnu --as-needed -export-dynamic -dynamic-linker /lib64/ld-linux-x86-64.so.2 -z relro -o cmTryCompileExec2522283407 /usr/lib/gcc/x86_64-linux-gnu/4.7/../../../x86_64-linux-gnu/crt1.o /usr/lib/gcc/x86_64-linux-gnu/4.7/../../../x86_64-linux-gnu/crti.o /usr/lib/gcc/x86_64-linux-gnu/4.7/crtbegin.o -L/usr/lib/gcc/x86_64-linux-gnu/4.7 -L/usr/lib/gcc/x86_64-linux-gnu/4.7/../../../x86_64-linux-gnu -L/usr/lib/gcc/x86_64-linux-gnu/4.7/../../../../lib -L/lib/x86_64-linux-gnu -L/lib/../lib -L/usr/lib/x86_64-linux-gnu -L/usr/lib/../lib -L/usr/lib/gcc/x86_64-linux-gnu/4.7/../../.. CMakeFiles/cmTryCompileExec2522283407.dir/CMakeCCompilerABI.c.o -lgcc --as-needed -lgcc_s --no-as-needed -lc -lgcc --as-needed -lgcc_s --no-as-needed /usr/lib/gcc/x86_64-linux-gnu/4.7/crtend.o /usr/lib/gcc/x86_64-linux-gnu/4.7/../../../x86_64-linux-gnu/crtn.o]
    arg [/usr/lib/gcc/x86_64-linux-gnu/4.7/collect2] ==> ignore
    arg [--sysroot=/] ==> ignore
    arg [--build-id] ==> ignore
    arg [--eh-frame-hdr] ==> ignore
    arg [-m] ==> ignore
    arg [elf_x86_64] ==> ignore
    arg [--hash-style=gnu] ==> ignore
    arg [--as-needed] ==> ignore
    arg [-export-dynamic] ==> ignore
    arg [-dynamic-linker] ==> ignore
    arg [/lib64/ld-linux-x86-64.so.2] ==> ignore
    arg [-zrelro] ==> ignore
    arg [-o] ==> ignore
    arg [cmTryCompileExec2522283407] ==> ignore
    arg [/usr/lib/gcc/x86_64-linux-gnu/4.7/../../../x86_64-linux-gnu/crt1.o] ==> ignore
    arg [/usr/lib/gcc/x86_64-linux-gnu/4.7/../../../x86_64-linux-gnu/crti.o] ==> ignore
    arg [/usr/lib/gcc/x86_64-linux-gnu/4.7/crtbegin.o] ==> ignore
    arg [-L/usr/lib/gcc/x86_64-linux-gnu/4.7] ==> dir [/usr/lib/gcc/x86_64-linux-gnu/4.7]
    arg [-L/usr/lib/gcc/x86_64-linux-gnu/4.7/../../../x86_64-linux-gnu] ==> dir [/usr/lib/gcc/x86_64-linux-gnu/4.7/../../../x86_64-linux-gnu]
    arg [-L/usr/lib/gcc/x86_64-linux-gnu/4.7/../../../../lib] ==> dir [/usr/lib/gcc/x86_64-linux-gnu/4.7/../../../../lib]
    arg [-L/lib/x86_64-linux-gnu] ==> dir [/lib/x86_64-linux-gnu]
    arg [-L/lib/../lib] ==> dir [/lib/../lib]
    arg [-L/usr/lib/x86_64-linux-gnu] ==> dir [/usr/lib/x86_64-linux-gnu]
    arg [-L/usr/lib/../lib] ==> dir [/usr/lib/../lib]
    arg [-L/usr/lib/gcc/x86_64-linux-gnu/4.7/../../..] ==> dir [/usr/lib/gcc/x86_64-linux-gnu/4.7/../../..]
    arg [CMakeFiles/cmTryCompileExec2522283407.dir/CMakeCCompilerABI.c.o] ==> ignore
    arg [-lgcc] ==> lib [gcc]
    arg [--as-needed] ==> ignore
    arg [-lgcc_s] ==> lib [gcc_s]
    arg [--no-as-needed] ==> ignore
    arg [-lc] ==> lib [c]
    arg [-lgcc] ==> lib [gcc]
    arg [--as-needed] ==> ignore
    arg [-lgcc_s] ==> lib [gcc_s]
    arg [--no-as-needed] ==> ignore
    arg [/usr/lib/gcc/x86_64-linux-gnu/4.7/crtend.o] ==> ignore
    arg [/usr/lib/gcc/x86_64-linux-gnu/4.7/../../../x86_64-linux-gnu/crtn.o] ==> ignore
  remove lib [gcc]
  remove lib [gcc_s]
  remove lib [gcc]
  remove lib [gcc_s]
  collapse dir [/usr/lib/gcc/x86_64-linux-gnu/4.7] ==> [/usr/lib/gcc/x86_64-linux-gnu/4.7]
  collapse dir [/usr/lib/gcc/x86_64-linux-gnu/4.7/../../../x86_64-linux-gnu] ==> [/usr/lib/x86_64-linux-gnu]
  collapse dir [/usr/lib/gcc/x86_64-linux-gnu/4.7/../../../../lib] ==> [/usr/lib]
  collapse dir [/lib/x86_64-linux-gnu] ==> [/lib/x86_64-linux-gnu]
  collapse dir [/lib/../lib] ==> [/lib]
  collapse dir [/usr/lib/x86_64-linux-gnu] ==> [/usr/lib/x86_64-linux-gnu]
  collapse dir [/usr/lib/../lib] ==> [/usr/lib]
  collapse dir [/usr/lib/gcc/x86_64-linux-gnu/4.7/../../..] ==> [/usr/lib]
  implicit libs: [c]
  implicit dirs: [/usr/lib/gcc/x86_64-linux-gnu/4.7;/usr/lib/x86_64-linux-gnu;/usr/lib;/lib/x86_64-linux-gnu;/lib]


Determining if the CXX compiler works passed with the following output:
Change Dir: /home/myrlund/src/bilde/lab3/src/CMakeFiles/CMakeTmp

Run Build Command:/usr/bin/make "cmTryCompileExec1670274597/fast"
/usr/bin/make -f CMakeFiles/cmTryCompileExec1670274597.dir/build.make CMakeFiles/cmTryCompileExec1670274597.dir/build
make[1]: Entering directory `/home/myrlund/src/bilde/lab3/src/CMakeFiles/CMakeTmp'
/usr/bin/cmake -E cmake_progress_report /home/myrlund/src/bilde/lab3/src/CMakeFiles/CMakeTmp/CMakeFiles 1
Building CXX object CMakeFiles/cmTryCompileExec1670274597.dir/testCXXCompiler.cxx.o
/usr/bin/c++     -o CMakeFiles/cmTryCompileExec1670274597.dir/testCXXCompiler.cxx.o -c /home/myrlund/src/bilde/lab3/src/CMakeFiles/CMakeTmp/testCXXCompiler.cxx
Linking CXX executable cmTryCompileExec1670274597
/usr/bin/cmake -E cmake_link_script CMakeFiles/cmTryCompileExec1670274597.dir/link.txt --verbose=1
/usr/bin/c++          CMakeFiles/cmTryCompileExec1670274597.dir/testCXXCompiler.cxx.o  -o cmTryCompileExec1670274597 -rdynamic 
make[1]: Leaving directory `/home/myrlund/src/bilde/lab3/src/CMakeFiles/CMakeTmp'


Detecting CXX compiler ABI info compiled with the following output:
Change Dir: /home/myrlund/src/bilde/lab3/src/CMakeFiles/CMakeTmp

Run Build Command:/usr/bin/make "cmTryCompileExec2442804558/fast"
/usr/bin/make -f CMakeFiles/cmTryCompileExec2442804558.dir/build.make CMakeFiles/cmTryCompileExec2442804558.dir/build
make[1]: Entering directory `/home/myrlund/src/bilde/lab3/src/CMakeFiles/CMakeTmp'
/usr/bin/cmake -E cmake_progress_report /home/myrlund/src/bilde/lab3/src/CMakeFiles/CMakeTmp/CMakeFiles 1
Building CXX object CMakeFiles/cmTryCompileExec2442804558.dir/CMakeCXXCompilerABI.cpp.o
/usr/bin/c++     -o CMakeFiles/cmTryCompileExec2442804558.dir/CMakeCXXCompilerABI.cpp.o -c /usr/share/cmake-2.8/Modules/CMakeCXXCompilerABI.cpp
Linking CXX executable cmTryCompileExec2442804558
/usr/bin/cmake -E cmake_link_script CMakeFiles/cmTryCompileExec2442804558.dir/link.txt --verbose=1
/usr/bin/c++        -v CMakeFiles/cmTryCompileExec2442804558.dir/CMakeCXXCompilerABI.cpp.o  -o cmTryCompileExec2442804558 -rdynamic  
Using built-in specs.
COLLECT_GCC=/usr/bin/c++
COLLECT_LTO_WRAPPER=/usr/lib/gcc/x86_64-linux-gnu/4.7/lto-wrapper
Target: x86_64-linux-gnu
Configured with: ../src/configure -v --with-pkgversion='Ubuntu/Linaro 4.7.3-1ubuntu1' --with-bugurl=file:///usr/share/doc/gcc-4.7/README.Bugs --enable-languages=c,c++,go,fortran,objc,obj-c++ --prefix=/usr --program-suffix=-4.7 --enable-shared --enable-linker-build-id --libexecdir=/usr/lib --without-included-gettext --enable-threads=posix --with-gxx-include-dir=/usr/include/c++/4.7 --libdir=/usr/lib --enable-nls --with-sysroot=/ --enable-clocale=gnu --enable-libstdcxx-debug --enable-libstdcxx-time=yes --enable-gnu-unique-object --enable-plugin --with-system-zlib --enable-objc-gc --with-cloog --enable-cloog-backend=ppl --disable-cloog-version-check --disable-ppl-version-check --enable-multiarch --disable-werror --with-arch-32=i686 --with-abi=m64 --with-multilib-list=m32,m64,mx32 --with-tune=generic --enable-checking=release --build=x86_64-linux-gnu --host=x86_64-linux-gnu --target=x86_64-linux-gnu
Thread model: posix
gcc version 4.7.3 (Ubuntu/Linaro 4.7.3-1ubuntu1) 
COMPILER_PATH=/usr/lib/gcc/x86_64-linux-gnu/4.7/:/usr/lib/gcc/x86_64-linux-gnu/4.7/:/usr/lib/gcc/x86_64-linux-gnu/:/usr/lib/gcc/x86_64-linux-gnu/4.7/:/usr/lib/gcc/x86_64-linux-gnu/
LIBRARY_PATH=/usr/lib/gcc/x86_64-linux-gnu/4.7/:/usr/lib/gcc/x86_64-linux-gnu/4.7/../../../x86_64-linux-gnu/:/usr/lib/gcc/x86_64-linux-gnu/4.7/../../../../lib/:/lib/x86_64-linux-gnu/:/lib/../lib/:/usr/lib/x86_64-linux-gnu/:/usr/lib/../lib/:/usr/lib/gcc/x86_64-linux-gnu/4.7/../../../:/lib/:/usr/lib/
COLLECT_GCC_OPTIONS='-v' '-o' 'cmTryCompileExec2442804558' '-rdynamic' '-shared-libgcc' '-mtune=generic' '-march=x86-64'
 /usr/lib/gcc/x86_64-linux-gnu/4.7/collect2 --sysroot=/ --build-id --eh-frame-hdr -m elf_x86_64 --hash-style=gnu --as-needed -export-dynamic -dynamic-linker /lib64/ld-linux-x86-64.so.2 -z relro -o cmTryCompileExec2442804558 /usr/lib/gcc/x86_64-linux-gnu/4.7/../../../x86_64-linux-gnu/crt1.o /usr/lib/gcc/x86_64-linux-gnu/4.7/../../../x86_64-linux-gnu/crti.o /usr/lib/gcc/x86_64-linux-gnu/4.7/crtbegin.o -L/usr/lib/gcc/x86_64-linux-gnu/4.7 -L/usr/lib/gcc/x86_64-linux-gnu/4.7/../../../x86_64-linux-gnu -L/usr/lib/gcc/x86_64-linux-gnu/4.7/../../../../lib -L/lib/x86_64-linux-gnu -L/lib/../lib -L/usr/lib/x86_64-linux-gnu -L/usr/lib/../lib -L/usr/lib/gcc/x86_64-linux-gnu/4.7/../../.. CMakeFiles/cmTryCompileExec2442804558.dir/CMakeCXXCompilerABI.cpp.o -lstdc++ -lm -lgcc_s -lgcc -lc -lgcc_s -lgcc /usr/lib/gcc/x86_64-linux-gnu/4.7/crtend.o /usr/lib/gcc/x86_64-linux-gnu/4.7/../../../x86_64-linux-gnu/crtn.o
make[1]: Leaving directory `/home/myrlund/src/bilde/lab3/src/CMakeFiles/CMakeTmp'


Parsed CXX implicit link information from above output:
  link line regex: [^( *|.*[/\])(ld|ld|collect2)[^/\]*( |$)]
  ignore line: [Change Dir: /home/myrlund/src/bilde/lab3/src/CMakeFiles/CMakeTmp]
  ignore line: []
  ignore line: [Run Build Command:/usr/bin/make "cmTryCompileExec2442804558/fast"]
  ignore line: [/usr/bin/make -f CMakeFiles/cmTryCompileExec2442804558.dir/build.make CMakeFiles/cmTryCompileExec2442804558.dir/build]
  ignore line: [make[1]: Entering directory `/home/myrlund/src/bilde/lab3/src/CMakeFiles/CMakeTmp']
  ignore line: [/usr/bin/cmake -E cmake_progress_report /home/myrlund/src/bilde/lab3/src/CMakeFiles/CMakeTmp/CMakeFiles 1]
  ignore line: [Building CXX object CMakeFiles/cmTryCompileExec2442804558.dir/CMakeCXXCompilerABI.cpp.o]
  ignore line: [/usr/bin/c++     -o CMakeFiles/cmTryCompileExec2442804558.dir/CMakeCXXCompilerABI.cpp.o -c /usr/share/cmake-2.8/Modules/CMakeCXXCompilerABI.cpp]
  ignore line: [Linking CXX executable cmTryCompileExec2442804558]
  ignore line: [/usr/bin/cmake -E cmake_link_script CMakeFiles/cmTryCompileExec2442804558.dir/link.txt --verbose=1]
  ignore line: [/usr/bin/c++        -v CMakeFiles/cmTryCompileExec2442804558.dir/CMakeCXXCompilerABI.cpp.o  -o cmTryCompileExec2442804558 -rdynamic  ]
  ignore line: [Using built-in specs.]
  ignore line: [COLLECT_GCC=/usr/bin/c++]
  ignore line: [COLLECT_LTO_WRAPPER=/usr/lib/gcc/x86_64-linux-gnu/4.7/lto-wrapper]
  ignore line: [Target: x86_64-linux-gnu]
  ignore line: [Configured with: ../src/configure -v --with-pkgversion='Ubuntu/Linaro 4.7.3-1ubuntu1' --with-bugurl=file:///usr/share/doc/gcc-4.7/README.Bugs --enable-languages=c,c++,go,fortran,objc,obj-c++ --prefix=/usr --program-suffix=-4.7 --enable-shared --enable-linker-build-id --libexecdir=/usr/lib --without-included-gettext --enable-threads=posix --with-gxx-include-dir=/usr/include/c++/4.7 --libdir=/usr/lib --enable-nls --with-sysroot=/ --enable-clocale=gnu --enable-libstdcxx-debug --enable-libstdcxx-time=yes --enable-gnu-unique-object --enable-plugin --with-system-zlib --enable-objc-gc --with-cloog --enable-cloog-backend=ppl --disable-cloog-version-check --disable-ppl-version-check --enable-multiarch --disable-werror --with-arch-32=i686 --with-abi=m64 --with-multilib-list=m32,m64,mx32 --with-tune=generic --enable-checking=release --build=x86_64-linux-gnu --host=x86_64-linux-gnu --target=x86_64-linux-gnu]
  ignore line: [Thread model: posix]
  ignore line: [gcc version 4.7.3 (Ubuntu/Linaro 4.7.3-1ubuntu1) ]
  ignore line: [COMPILER_PATH=/usr/lib/gcc/x86_64-linux-gnu/4.7/:/usr/lib/gcc/x86_64-linux-gnu/4.7/:/usr/lib/gcc/x86_64-linux-gnu/:/usr/lib/gcc/x86_64-linux-gnu/4.7/:/usr/lib/gcc/x86_64-linux-gnu/]
  ignore line: [LIBRARY_PATH=/usr/lib/gcc/x86_64-linux-gnu/4.7/:/usr/lib/gcc/x86_64-linux-gnu/4.7/../../../x86_64-linux-gnu/:/usr/lib/gcc/x86_64-linux-gnu/4.7/../../../../lib/:/lib/x86_64-linux-gnu/:/lib/../lib/:/usr/lib/x86_64-linux-gnu/:/usr/lib/../lib/:/usr/lib/gcc/x86_64-linux-gnu/4.7/../../../:/lib/:/usr/lib/]
  ignore line: [COLLECT_GCC_OPTIONS='-v' '-o' 'cmTryCompileExec2442804558' '-rdynamic' '-shared-libgcc' '-mtune=generic' '-march=x86-64']
  link line: [ /usr/lib/gcc/x86_64-linux-gnu/4.7/collect2 --sysroot=/ --build-id --eh-frame-hdr -m elf_x86_64 --hash-style=gnu --as-needed -export-dynamic -dynamic-linker /lib64/ld-linux-x86-64.so.2 -z relro -o cmTryCompileExec2442804558 /usr/lib/gcc/x86_64-linux-gnu/4.7/../../../x86_64-linux-gnu/crt1.o /usr/lib/gcc/x86_64-linux-gnu/4.7/../../../x86_64-linux-gnu/crti.o /usr/lib/gcc/x86_64-linux-gnu/4.7/crtbegin.o -L/usr/lib/gcc/x86_64-linux-gnu/4.7 -L/usr/lib/gcc/x86_64-linux-gnu/4.7/../../../x86_64-linux-gnu -L/usr/lib/gcc/x86_64-linux-gnu/4.7/../../../../lib -L/lib/x86_64-linux-gnu -L/lib/../lib -L/usr/lib/x86_64-linux-gnu -L/usr/lib/../lib -L/usr/lib/gcc/x86_64-linux-gnu/4.7/../../.. CMakeFiles/cmTryCompileExec2442804558.dir/CMakeCXXCompilerABI.cpp.o -lstdc++ -lm -lgcc_s -lgcc -lc -lgcc_s -lgcc /usr/lib/gcc/x86_64-linux-gnu/4.7/crtend.o /usr/lib/gcc/x86_64-linux-gnu/4.7/../../../x86_64-linux-gnu/crtn.o]
    arg [/usr/lib/gcc/x86_64-linux-gnu/4.7/collect2] ==> ignore
    arg [--sysroot=/] ==> ignore
    arg [--build-id] ==> ignore
    arg [--eh-frame-hdr] ==> ignore
    arg [-m] ==> ignore
    arg [elf_x86_64] ==> ignore
    arg [--hash-style=gnu] ==> ignore
    arg [--as-needed] ==> ignore
    arg [-export-dynamic] ==> ignore
    arg [-dynamic-linker] ==> ignore
    arg [/lib64/ld-linux-x86-64.so.2] ==> ignore
    arg [-zrelro] ==> ignore
    arg [-o] ==> ignore
    arg [cmTryCompileExec2442804558] ==> ignore
    arg [/usr/lib/gcc/x86_64-linux-gnu/4.7/../../../x86_64-linux-gnu/crt1.o] ==> ignore
    arg [/usr/lib/gcc/x86_64-linux-gnu/4.7/../../../x86_64-linux-gnu/crti.o] ==> ignore
    arg [/usr/lib/gcc/x86_64-linux-gnu/4.7/crtbegin.o] ==> ignore
    arg [-L/usr/lib/gcc/x86_64-linux-gnu/4.7] ==> dir [/usr/lib/gcc/x86_64-linux-gnu/4.7]
    arg [-L/usr/lib/gcc/x86_64-linux-gnu/4.7/../../../x86_64-linux-gnu] ==> dir [/usr/lib/gcc/x86_64-linux-gnu/4.7/../../../x86_64-linux-gnu]
    arg [-L/usr/lib/gcc/x86_64-linux-gnu/4.7/../../../../lib] ==> dir [/usr/lib/gcc/x86_64-linux-gnu/4.7/../../../../lib]
    arg [-L/lib/x86_64-linux-gnu] ==> dir [/lib/x86_64-linux-gnu]
    arg [-L/lib/../lib] ==> dir [/lib/../lib]
    arg [-L/usr/lib/x86_64-linux-gnu] ==> dir [/usr/lib/x86_64-linux-gnu]
    arg [-L/usr/lib/../lib] ==> dir [/usr/lib/../lib]
    arg [-L/usr/lib/gcc/x86_64-linux-gnu/4.7/../../..] ==> dir [/usr/lib/gcc/x86_64-linux-gnu/4.7/../../..]
    arg [CMakeFiles/cmTryCompileExec2442804558.dir/CMakeCXXCompilerABI.cpp.o] ==> ignore
    arg [-lstdc++] ==> lib [stdc++]
    arg [-lm] ==> lib [m]
    arg [-lgcc_s] ==> lib [gcc_s]
    arg [-lgcc] ==> lib [gcc]
    arg [-lc] ==> lib [c]
    arg [-lgcc_s] ==> lib [gcc_s]
    arg [-lgcc] ==> lib [gcc]
    arg [/usr/lib/gcc/x86_64-linux-gnu/4.7/crtend.o] ==> ignore
    arg [/usr/lib/gcc/x86_64-linux-gnu/4.7/../../../x86_64-linux-gnu/crtn.o] ==> ignore
  remove lib [gcc_s]
  remove lib [gcc]
  remove lib [gcc_s]
  remove lib [gcc]
  collapse dir [/usr/lib/gcc/x86_64-linux-gnu/4.7] ==> [/usr/lib/gcc/x86_64-linux-gnu/4.7]
  collapse dir [/usr/lib/gcc/x86_64-linux-gnu/4.7/../../../x86_64-linux-gnu] ==> [/usr/lib/x86_64-linux-gnu]
  collapse dir [/usr/lib/gcc/x86_64-linux-gnu/4.7/../../../../lib] ==> [/usr/lib]
  collapse dir [/lib/x86_64-linux-gnu] ==> [/lib/x86_64-linux-gnu]
  collapse dir [/lib/../lib] ==> [/lib]
  collapse dir [/usr/lib/x86_64-linux-gnu] ==> [/usr/lib/x86_64-linux-gnu]
  collapse dir [/usr/lib/../lib] ==> [/usr/lib]
  collapse dir [/usr/lib/gcc/x86_64-linux-gnu/4.7/../../..] ==> [/usr/lib]
  implicit libs: [stdc++;m;c]
  implicit dirs: [/usr/lib/gcc/x86_64-linux-gnu/4.7;/usr/lib/x86_64-linux-gnu;/usr/lib;/lib/x86_64-linux-gnu;/lib]


Determining if the function XOpenDisplay exists in the /usr/lib/x86_64-linux-gnu/libX11.so;/usr/lib/x86_64-linux-gnu/libXext.so passed with the following output:
Change Dir: /home/myrlund/src/bilde/lab3/src/CMakeFiles/CMakeTmp

Run Build Command:/usr/bin/make "cmTryCompileExec3751756490/fast"
/usr/bin/make -f CMakeFiles/cmTryCompileExec3751756490.dir/build.make CMakeFiles/cmTryCompileExec3751756490.dir/build
make[1]: Entering directory `/home/myrlund/src/bilde/lab3/src/CMakeFiles/CMakeTmp'
/usr/bin/cmake -E cmake_progress_report /home/myrlund/src/bilde/lab3/src/CMakeFiles/CMakeTmp/CMakeFiles 1
Building C object CMakeFiles/cmTryCompileExec3751756490.dir/CheckFunctionExists.c.o
/usr/bin/cc   -DCHECK_FUNCTION_EXISTS=XOpenDisplay   -o CMakeFiles/cmTryCompileExec3751756490.dir/CheckFunctionExists.c.o   -c /usr/share/cmake-2.8/Modules/CheckFunctionExists.c
Linking C executable cmTryCompileExec3751756490
/usr/bin/cmake -E cmake_link_script CMakeFiles/cmTryCompileExec3751756490.dir/link.txt --verbose=1
/usr/bin/cc     -DCHECK_FUNCTION_EXISTS=XOpenDisplay    CMakeFiles/cmTryCompileExec3751756490.dir/CheckFunctionExists.c.o  -o cmTryCompileExec3751756490 -rdynamic -lX11 -lXext 
make[1]: Leaving directory `/home/myrlund/src/bilde/lab3/src/CMakeFiles/CMakeTmp'


Determining if the function gethostbyname exists passed with the following output:
Change Dir: /home/myrlund/src/bilde/lab3/src/CMakeFiles/CMakeTmp

Run Build Command:/usr/bin/make "cmTryCompileExec3229921064/fast"
/usr/bin/make -f CMakeFiles/cmTryCompileExec3229921064.dir/build.make CMakeFiles/cmTryCompileExec3229921064.dir/build
make[1]: Entering directory `/home/myrlund/src/bilde/lab3/src/CMakeFiles/CMakeTmp'
/usr/bin/cmake -E cmake_progress_report /home/myrlund/src/bilde/lab3/src/CMakeFiles/CMakeTmp/CMakeFiles 1
Building C object CMakeFiles/cmTryCompileExec3229921064.dir/CheckFunctionExists.c.o
/usr/bin/cc   -DCHECK_FUNCTION_EXISTS=gethostbyname   -o CMakeFiles/cmTryCompileExec3229921064.dir/CheckFunctionExists.c.o   -c /usr/share/cmake-2.8/Modules/CheckFunctionExists.c
Linking C executable cmTryCompileExec3229921064
/usr/bin/cmake -E cmake_link_script CMakeFiles/cmTryCompileExec3229921064.dir/link.txt --verbose=1
/usr/bin/cc     -DCHECK_FUNCTION_EXISTS=gethostbyname    CMakeFiles/cmTryCompileExec3229921064.dir/CheckFunctionExists.c.o  -o cmTryCompileExec3229921064 -rdynamic 
make[1]: Leaving directory `/home/myrlund/src/bilde/lab3/src/CMakeFiles/CMakeTmp'


Determining if the function connect exists passed with the following output:
Change Dir: /home/myrlund/src/bilde/lab3/src/CMakeFiles/CMakeTmp

Run Build Command:/usr/bin/make "cmTryCompileExec2557338070/fast"
/usr/bin/make -f CMakeFiles/cmTryCompileExec2557338070.dir/build.make CMakeFiles/cmTryCompileExec2557338070.dir/build
make[1]: Entering directory `/home/myrlund/src/bilde/lab3/src/CMakeFiles/CMakeTmp'
/usr/bin/cmake -E cmake_progress_report /home/myrlund/src/bilde/lab3/src/CMakeFiles/CMakeTmp/CMakeFiles 1
Building C object CMakeFiles/cmTryCompileExec2557338070.dir/CheckFunctionExists.c.o
/usr/bin/cc   -DCHECK_FUNCTION_EXISTS=connect   -o CMakeFiles/cmTryCompileExec2557338070.dir/CheckFunctionExists.c.o   -c /usr/share/cmake-2.8/Modules/CheckFunctionExists.c
Linking C executable cmTryCompileExec2557338070
/usr/bin/cmake -E cmake_link_script CMakeFiles/cmTryCompileExec2557338070.dir/link.txt --verbose=1
/usr/bin/cc     -DCHECK_FUNCTION_EXISTS=connect    CMakeFiles/cmTryCompileExec2557338070.dir/CheckFunctionExists.c.o  -o cmTryCompileExec2557338070 -rdynamic 
make[1]: Leaving directory `/home/myrlund/src/bilde/lab3/src/CMakeFiles/CMakeTmp'


Determining if the function remove exists passed with the following output:
Change Dir: /home/myrlund/src/bilde/lab3/src/CMakeFiles/CMakeTmp

Run Build Command:/usr/bin/make "cmTryCompileExec3760266171/fast"
/usr/bin/make -f CMakeFiles/cmTryCompileExec3760266171.dir/build.make CMakeFiles/cmTryCompileExec3760266171.dir/build
make[1]: Entering directory `/home/myrlund/src/bilde/lab3/src/CMakeFiles/CMakeTmp'
/usr/bin/cmake -E cmake_progress_report /home/myrlund/src/bilde/lab3/src/CMakeFiles/CMakeTmp/CMakeFiles 1
Building C object CMakeFiles/cmTryCompileExec3760266171.dir/CheckFunctionExists.c.o
/usr/bin/cc   -DCHECK_FUNCTION_EXISTS=remove   -o CMakeFiles/cmTryCompileExec3760266171.dir/CheckFunctionExists.c.o   -c /usr/share/cmake-2.8/Modules/CheckFunctionExists.c
Linking C executable cmTryCompileExec3760266171
/usr/bin/cmake -E cmake_link_script CMakeFiles/cmTryCompileExec3760266171.dir/link.txt --verbose=1
/usr/bin/cc     -DCHECK_FUNCTION_EXISTS=remove    CMakeFiles/cmTryCompileExec3760266171.dir/CheckFunctionExists.c.o  -o cmTryCompileExec3760266171 -rdynamic 
make[1]: Leaving directory `/home/myrlund/src/bilde/lab3/src/CMakeFiles/CMakeTmp'


Determining if the function shmat exists passed with the following output:
Change Dir: /home/myrlund/src/bilde/lab3/src/CMakeFiles/CMakeTmp

Run Build Command:/usr/bin/make "cmTryCompileExec3348531941/fast"
/usr/bin/make -f CMakeFiles/cmTryCompileExec3348531941.dir/build.make CMakeFiles/cmTryCompileExec3348531941.dir/build
make[1]: Entering directory `/home/myrlund/src/bilde/lab3/src/CMakeFiles/CMakeTmp'
/usr/bin/cmake -E cmake_progress_report /home/myrlund/src/bilde/lab3/src/CMakeFiles/CMakeTmp/CMakeFiles 1
Building C object CMakeFiles/cmTryCompileExec3348531941.dir/CheckFunctionExists.c.o
/usr/bin/cc   -DCHECK_FUNCTION_EXISTS=shmat   -o CMakeFiles/cmTryCompileExec3348531941.dir/CheckFunctionExists.c.o   -c /usr/share/cmake-2.8/Modules/CheckFunctionExists.c
Linking C executable cmTryCompileExec3348531941
/usr/bin/cmake -E cmake_link_script CMakeFiles/cmTryCompileExec3348531941.dir/link.txt --verbose=1
/usr/bin/cc     -DCHECK_FUNCTION_EXISTS=shmat    CMakeFiles/cmTryCompileExec3348531941.dir/CheckFunctionExists.c.o  -o cmTryCompileExec3348531941 -rdynamic 
make[1]: Leaving directory `/home/myrlund/src/bilde/lab3/src/CMakeFiles/CMakeTmp'


Determining if the function IceConnectionNumber exists in the ICE passed with the following output:
Change Dir: /home/myrlund/src/bilde/lab3/src/CMakeFiles/CMakeTmp

Run Build Command:/usr/bin/make "cmTryCompileExec1488391390/fast"
/usr/bin/make -f CMakeFiles/cmTryCompileExec1488391390.dir/build.make CMakeFiles/cmTryCompileExec1488391390.dir/build
make[1]: Entering directory `/home/myrlund/src/bilde/lab3/src/CMakeFiles/CMakeTmp'
/usr/bin/cmake -E cmake_progress_report /home/myrlund/src/bilde/lab3/src/CMakeFiles/CMakeTmp/CMakeFiles 1
Building C object CMakeFiles/cmTryCompileExec1488391390.dir/CheckFunctionExists.c.o
/usr/bin/cc   -DCHECK_FUNCTION_EXISTS=IceConnectionNumber   -o CMakeFiles/cmTryCompileExec1488391390.dir/CheckFunctionExists.c.o   -c /usr/share/cmake-2.8/Modules/CheckFunctionExists.c
Linking C executable cmTryCompileExec1488391390
/usr/bin/cmake -E cmake_link_script CMakeFiles/cmTryCompileExec1488391390.dir/link.txt --verbose=1
/usr/bin/cc     -DCHECK_FUNCTION_EXISTS=IceConnectionNumber    CMakeFiles/cmTryCompileExec1488391390.dir/CheckFunctionExists.c.o  -o cmTryCompileExec1488391390 -rdynamic -lICE 
make[1]: Leaving directory `/home/myrlund/src/bilde/lab3/src/CMakeFiles/CMakeTmp'


Determining if the function XOpenDisplay exists in the /usr/lib/x86_64-linux-gnu/libX11.so;/usr/lib/x86_64-linux-gnu/libXext.so passed with the following output:
Change Dir: /home/myrlund/src/bilde/lab3/src/CMakeFiles/CMakeTmp

Run Build Command:/usr/bin/make "cmTryCompileExec1634667551/fast"
/usr/bin/make -f CMakeFiles/cmTryCompileExec1634667551.dir/build.make CMakeFiles/cmTryCompileExec1634667551.dir/build
make[1]: Entering directory `/home/myrlund/src/bilde/lab3/src/CMakeFiles/CMakeTmp'
/usr/bin/cmake -E cmake_progress_report /home/myrlund/src/bilde/lab3/src/CMakeFiles/CMakeTmp/CMakeFiles 1
Building C object CMakeFiles/cmTryCompileExec1634667551.dir/CheckFunctionExists.c.o
/usr/bin/cc   -DCHECK_FUNCTION_EXISTS=XOpenDisplay   -o CMakeFiles/cmTryCompileExec1634667551.dir/CheckFunctionExists.c.o   -c /usr/share/cmake-2.8/Modules/CheckFunctionExists.c
Linking C executable cmTryCompileExec1634667551
/usr/bin/cmake -E cmake_link_script CMakeFiles/cmTryCompileExec1634667551.dir/link.txt --verbose=1
/usr/bin/cc     -DCHECK_FUNCTION_EXISTS=XOpenDisplay    CMakeFiles/cmTryCompileExec1634667551.dir/CheckFunctionExists.c.o  -o cmTryCompileExec1634667551 -rdynamic -lX11 -lXext 
make[1]: Leaving directory `/home/myrlund/src/bilde/lab3/src/CMakeFiles/CMakeTmp'


Determining if the function gethostbyname exists passed with the following output:
Change Dir: /home/myrlund/src/bilde/lab3/src/CMakeFiles/CMakeTmp

Run Build Command:/usr/bin/make "cmTryCompileExec2999615220/fast"
/usr/bin/make -f CMakeFiles/cmTryCompileExec2999615220.dir/build.make CMakeFiles/cmTryCompileExec2999615220.dir/build
make[1]: Entering directory `/home/myrlund/src/bilde/lab3/src/CMakeFiles/CMakeTmp'
/usr/bin/cmake -E cmake_progress_report /home/myrlund/src/bilde/lab3/src/CMakeFiles/CMakeTmp/CMakeFiles 1
Building C object CMakeFiles/cmTryCompileExec2999615220.dir/CheckFunctionExists.c.o
/usr/bin/cc   -DCHECK_FUNCTION_EXISTS=gethostbyname   -o CMakeFiles/cmTryCompileExec2999615220.dir/CheckFunctionExists.c.o   -c /usr/share/cmake-2.8/Modules/CheckFunctionExists.c
Linking C executable cmTryCompileExec2999615220
/usr/bin/cmake -E cmake_link_script CMakeFiles/cmTryCompileExec2999615220.dir/link.txt --verbose=1
/usr/bin/cc     -DCHECK_FUNCTION_EXISTS=gethostbyname    CMakeFiles/cmTryCompileExec2999615220.dir/CheckFunctionExists.c.o  -o cmTryCompileExec2999615220 -rdynamic 
make[1]: Leaving directory `/home/myrlund/src/bilde/lab3/src/CMakeFiles/CMakeTmp'


Determining if the function connect exists passed with the following output:
Change Dir: /home/myrlund/src/bilde/lab3/src/CMakeFiles/CMakeTmp

Run Build Command:/usr/bin/make "cmTryCompileExec800241755/fast"
/usr/bin/make -f CMakeFiles/cmTryCompileExec800241755.dir/build.make CMakeFiles/cmTryCompileExec800241755.dir/build
make[1]: Entering directory `/home/myrlund/src/bilde/lab3/src/CMakeFiles/CMakeTmp'
/usr/bin/cmake -E cmake_progress_report /home/myrlund/src/bilde/lab3/src/CMakeFiles/CMakeTmp/CMakeFiles 1
Building C object CMakeFiles/cmTryCompileExec800241755.dir/CheckFunctionExists.c.o
/usr/bin/cc   -DCHECK_FUNCTION_EXISTS=connect   -o CMakeFiles/cmTryCompileExec800241755.dir/CheckFunctionExists.c.o   -c /usr/share/cmake-2.8/Modules/CheckFunctionExists.c
Linking C executable cmTryCompileExec800241755
/usr/bin/cmake -E cmake_link_script CMakeFiles/cmTryCompileExec800241755.dir/link.txt --verbose=1
/usr/bin/cc     -DCHECK_FUNCTION_EXISTS=connect    CMakeFiles/cmTryCompileExec800241755.dir/CheckFunctionExists.c.o  -o cmTryCompileExec800241755 -rdynamic 
make[1]: Leaving directory `/home/myrlund/src/bilde/lab3/src/CMakeFiles/CMakeTmp'


Determining if the function remove exists passed with the following output:
Change Dir: /home/myrlund/src/bilde/lab3/src/CMakeFiles/CMakeTmp

Run Build Command:/usr/bin/make "cmTryCompileExec54521739/fast"
/usr/bin/make -f CMakeFiles/cmTryCompileExec54521739.dir/build.make CMakeFiles/cmTryCompileExec54521739.dir/build
make[1]: Entering directory `/home/myrlund/src/bilde/lab3/src/CMakeFiles/CMakeTmp'
/usr/bin/cmake -E cmake_progress_report /home/myrlund/src/bilde/lab3/src/CMakeFiles/CMakeTmp/CMakeFiles 1
Building C object CMakeFiles/cmTryCompileExec54521739.dir/CheckFunctionExists.c.o
/usr/bin/cc   -DCHECK_FUNCTION_EXISTS=remove   -o CMakeFiles/cmTryCompileExec54521739.dir/CheckFunctionExists.c.o   -c /usr/share/cmake-2.8/Modules/CheckFunctionExists.c
Linking C executable cmTryCompileExec54521739
/usr/bin/cmake -E cmake_link_script CMakeFiles/cmTryCompileExec54521739.dir/link.txt --verbose=1
/usr/bin/cc     -DCHECK_FUNCTION_EXISTS=remove    CMakeFiles/cmTryCompileExec54521739.dir/CheckFunctionExists.c.o  -o cmTryCompileExec54521739 -rdynamic 
make[1]: Leaving directory `/home/myrlund/src/bilde/lab3/src/CMakeFiles/CMakeTmp'


Determining if the function shmat exists passed with the following output:
Change Dir: /home/myrlund/src/bilde/lab3/src/CMakeFiles/CMakeTmp

Run Build Command:/usr/bin/make "cmTryCompileExec3925160333/fast"
/usr/bin/make -f CMakeFiles/cmTryCompileExec3925160333.dir/build.make CMakeFiles/cmTryCompileExec3925160333.dir/build
make[1]: Entering directory `/home/myrlund/src/bilde/lab3/src/CMakeFiles/CMakeTmp'
/usr/bin/cmake -E cmake_progress_report /home/myrlund/src/bilde/lab3/src/CMakeFiles/CMakeTmp/CMakeFiles 1
Building C object CMakeFiles/cmTryCompileExec3925160333.dir/CheckFunctionExists.c.o
/usr/bin/cc   -DCHECK_FUNCTION_EXISTS=shmat   -o CMakeFiles/cmTryCompileExec3925160333.dir/CheckFunctionExists.c.o   -c /usr/share/cmake-2.8/Modules/CheckFunctionExists.c
Linking C executable cmTryCompileExec3925160333
/usr/bin/cmake -E cmake_link_script CMakeFiles/cmTryCompileExec3925160333.dir/link.txt --verbose=1
/usr/bin/cc     -DCHECK_FUNCTION_EXISTS=shmat    CMakeFiles/cmTryCompileExec3925160333.dir/CheckFunctionExists.c.o  -o cmTryCompileExec3925160333 -rdynamic 
make[1]: Leaving directory `/home/myrlund/src/bilde/lab3/src/CMakeFiles/CMakeTmp'


Determining if the function IceConnectionNumber exists in the ICE passed with the following output:
Change Dir: /home/myrlund/src/bilde/lab3/src/CMakeFiles/CMakeTmp

Run Build Command:/usr/bin/make "cmTryCompileExec1735994921/fast"
/usr/bin/make -f CMakeFiles/cmTryCompileExec1735994921.dir/build.make CMakeFiles/cmTryCompileExec1735994921.dir/build
make[1]: Entering directory `/home/myrlund/src/bilde/lab3/src/CMakeFiles/CMakeTmp'
/usr/bin/cmake -E cmake_progress_report /home/myrlund/src/bilde/lab3/src/CMakeFiles/CMakeTmp/CMakeFiles 1
Building C object CMakeFiles/cmTryCompileExec1735994921.dir/CheckFunctionExists.c.o
/usr/bin/cc   -DCHECK_FUNCTION_EXISTS=IceConnectionNumber   -o CMakeFiles/cmTryCompileExec1735994921.dir/CheckFunctionExists.c.o   -c /usr/share/cmake-2.8/Modules/CheckFunctionExists.c
Linking C executable cmTryCompileExec1735994921
/usr/bin/cmake -E cmake_link_script CMakeFiles/cmTryCompileExec1735994921.dir/link.txt --verbose=1
/usr/bin/cc     -DCHECK_FUNCTION_EXISTS=IceConnectionNumber    CMakeFiles/cmTryCompileExec1735994921.dir/CheckFunctionExists.c.o  -o cmTryCompileExec1735994921 -rdynamic -lICE 
make[1]: Leaving directory `/home/myrlund/src/bilde/lab3/src/CMakeFiles/CMakeTmp'


